app/build/intermediates/manifest_merge_blame_file/debug/manifest-merger-blame-debug-report.txt
1<?xml version="1.0" encoding="utf-8"?>
2<manifest xmlns:android="http://schemas.android.com/apk/res/android"
3    package="com.example.cscheatsheet"
4    android:versionCode="1"
5    android:versionName="1.0" >
6
7    <uses-sdk
8        android:minSdkVersion="23"
8-->src/main/AndroidManifest.xml
9        android:targetSdkVersion="29" />
9-->src/main/AndroidManifest.xml
10
11    <uses-permission android:name="android.permission.ACCESS_NETWORK_STATE" />
11-->src/main/AndroidManifest.xml:5:5-79
11-->src/main/AndroidManifest.xml:5:22-76
12    <uses-permission android:name="android.permission.INTERNET" />
12-->src/main/AndroidManifest.xml:6:5-67
12-->src/main/AndroidManifest.xml:6:22-64
13
14    <application
14-->src/main/AndroidManifest.xml:8:5-39:19
15        android:name="com.example.cscheatsheet.ParseApplication"
15-->src/main/AndroidManifest.xml:9:9-65
16        android:allowBackup="true"
16-->src/main/AndroidManifest.xml:10:9-35
17        android:appComponentFactory="androidx.core.app.CoreComponentFactory"
17-->[androidx.core:core:1.3.1] AndroidManifest.xml:24:18-86
18        android:debuggable="true"
19        android:extractNativeLibs="false"
20        android:icon="@mipmap/ic_launcher"
20-->src/main/AndroidManifest.xml:11:9-43
21        android:label="@string/app_name"
21-->src/main/AndroidManifest.xml:12:9-41
22        android:roundIcon="@mipmap/ic_launcher_round"
22-->src/main/AndroidManifest.xml:13:9-54
23        android:supportsRtl="true"
23-->src/main/AndroidManifest.xml:14:9-35
24        android:testOnly="true"
25        android:theme="@style/AppTheme" >
25-->src/main/AndroidManifest.xml:15:9-40
26
27        <!-- make sure within the application tag, otherwise app will crash with XmlResourceParser errors -->
28        <provider
28-->src/main/AndroidManifest.xml:18:9-26:20
29            android:name="androidx.core.content.FileProvider"
29-->src/main/AndroidManifest.xml:19:13-62
30            android:authorities="com.codepath.fileprovider"
30-->src/main/AndroidManifest.xml:20:13-60
31            android:exported="false"
31-->src/main/AndroidManifest.xml:21:13-37
32            android:grantUriPermissions="true" >
32-->src/main/AndroidManifest.xml:22:13-47
33            <meta-data
33-->src/main/AndroidManifest.xml:23:13-25:56
34                android:name="android.support.FILE_PROVIDER_PATHS"
34-->src/main/AndroidManifest.xml:24:17-67
35                android:resource="@xml/fileprovider" />
35-->src/main/AndroidManifest.xml:25:17-53
36        </provider>
37
38        <activity android:name="com.example.cscheatsheet.LoginActivity" >
38-->src/main/AndroidManifest.xml:28:9-34:20
38-->src/main/AndroidManifest.xml:28:19-48
39            <intent-filter>
39-->src/main/AndroidManifest.xml:29:13-33:29
40                <action android:name="android.intent.action.MAIN" />
40-->src/main/AndroidManifest.xml:30:17-69
40-->src/main/AndroidManifest.xml:30:25-66
41
42                <category android:name="android.intent.category.LAUNCHER" />
42-->src/main/AndroidManifest.xml:32:17-77
42-->src/main/AndroidManifest.xml:32:27-74
43            </intent-filter>
44        </activity>
45        <activity android:name="com.example.cscheatsheet.MainActivity" />
45-->src/main/AndroidManifest.xml:35:9-83
45-->src/main/AndroidManifest.xml:35:19-71
46        <activity android:name="com.example.cscheatsheet.fragments.flashcards.add_card_activity" />
46-->src/main/AndroidManifest.xml:36:9-109
46-->src/main/AndroidManifest.xml:36:19-97
47        <activity android:name="com.example.cscheatsheet.SignUpActivity" />
47-->src/main/AndroidManifest.xml:37:9-85
47-->src/main/AndroidManifest.xml:37:19-73
48
49        <service
49-->[androidx.room:room-runtime:2.2.4] AndroidManifest.xml:25:9-27:40
50            android:name="androidx.room.MultiInstanceInvalidationService"
50-->[androidx.room:room-runtime:2.2.4] AndroidManifest.xml:26:13-74
51            android:exported="false" />
51-->[androidx.room:room-runtime:2.2.4] AndroidManifest.xml:27:13-37
52    </application>
53
54</manifest>